{"logTime": "1119/110344", "correlationVector":"RO8Hmyvdhq46FrHL4fzXQZ.2","action":"ProcessGetUpdates", "result":"Done", "context":{"dataType":"Preferences", "deleted":"0", "process_failed_to_decrypt":"0", "process_pending_decryption":"0", "process_success":"1", "total":"1"}}
{"logTime": "1119/110344", "correlationVector":"RO8Hmyvdhq46FrHL4fzXQZ.3","action":"ProcessGetUpdates", "result":"Done", "context":{"dataType":"Sessions", "deleted":"1", "process_failed_to_decrypt":"0", "process_pending_decryption":"0", "process_success":"5", "total":"5"}}
{"logTime": "1119/110344", "correlationVector":"RO8Hmyvdhq46FrHL4fzXQZ.4","action":"ProcessGetUpdates", "result":"Done", "context":{"dataType":"Device Info", "deleted":"0", "process_failed_to_decrypt":"0", "process_pending_decryption":"0", "process_success":"1", "total":"1"}}
{"logTime": "1119/110344", "correlationVector":"RO8Hmyvdhq46FrHL4fzXQZ.5","action":"ProcessGetUpdates", "result":"Done", "context":{"dataType":"History", "deleted":"0", "process_failed_to_decrypt":"0", "process_pending_decryption":"0", "process_success":"1", "total":"1"}}
{"logTime": "1119/110344", "correlationVector":"RO8Hmyvdhq46FrHL4fzXQZ.6","action":"GetUpdates Response", "result":"Success", "context":Received 8 update(s). cV=RO8Hmyvdhq46FrHL4fzXQZ.0;server=akswtt107000002;cloudType=Consumer;environment=Prod_japaneast_prod-s01-061-apac-japaneast;migrationStage=NotStarted}
{"logTime": "1119/110344", "correlationVector":"AeJt0Yw3QkOwpCD3hW1vpL","action":"Commit Request", "result":"", "context":Item count: 7
Contributing types: Sessions, Device Info, History}
{"logTime": "1119/110344", "correlationVector":"AeJt0Yw3QkOwpCD3hW1vpL.1","action":"SyncServerConnectionManagerRequest", "result":"SYNC_SERVER_OK", "context":{"environment":"Prod_japaneast_prod-s01-061-apac-japaneast", "migrationStage":"NotStarted", "server":"akswtt107000011"}}
{"logTime": "1119/110344", "correlationVector":"AeJt0Yw3QkOwpCD3hW1vpL.2","action":"Commit Response", "result":"Success", "context":Result: Success. cV=AeJt0Yw3QkOwpCD3hW1vpL.0;server=akswtt107000011;cloudType=Consumer;environment=Prod_japaneast_prod-s01-061-apac-japaneast;migrationStage=NotStarted}
{"logTime": "1119/110344", "correlationVector":"ZeLvbYa/AmNOvblCHlipbw","action":"Commit Request", "result":"", "context":Item count: 14
Contributing types: Preferences, Passwords}
{"logTime": "1119/110345", "correlationVector":"ZeLvbYa/AmNOvblCHlipbw.1","action":"SyncServerConnectionManagerRequest", "result":"SYNC_SERVER_OK", "context":{"environment":"Prod_japaneast_prod-s01-061-apac-japaneast", "migrationStage":"NotStarted", "server":"akswtt10700000v"}}
{"logTime": "1119/110345", "correlationVector":"ZeLvbYa/AmNOvblCHlipbw.2","action":"Commit Response", "result":"Success", "context":Result: Success. cV=ZeLvbYa/AmNOvblCHlipbw.0;server=akswtt10700000v;cloudType=Consumer;environment=Prod_japaneast_prod-s01-061-apac-japaneast;migrationStage=NotStarted}
{"logTime": "1119/110438", "correlationVector":"Btzso0SUVPPbHB41cKEAcV","action":"Commit Request", "result":"", "context":Item count: 3
Contributing types: Sessions, History}
{"logTime": "1119/110439", "correlationVector":"Btzso0SUVPPbHB41cKEAcV.1","action":"SyncServerConnectionManagerRequest", "result":"SYNC_SERVER_OK", "context":{"environment":"Prod_japaneast_prod-s01-061-apac-japaneast", "migrationStage":"NotStarted", "server":"akswtt10700000w"}}
{"logTime": "1119/110439", "correlationVector":"Btzso0SUVPPbHB41cKEAcV.2","action":"Commit Response", "result":"Success", "context":Result: Success. cV=Btzso0SUVPPbHB41cKEAcV.0;server=akswtt10700000w;cloudType=Consumer;environment=Prod_japaneast_prod-s01-061-apac-japaneast;migrationStage=NotStarted}
{"logTime": "1119/110439", "correlationVector":"Btzso0SUVPPbHB41cKEAcV.3","action":"Commit.Sessions", "result":"Success", "context":{"id":"91150044-2095-4d89-ad50-7ffda3881e63", "isDeleted":"true", "size":"0", "version":"1763550224358"}}
{"logTime": "1119/111210", "correlationVector":"T5g1UhhbGCgTZ/U+gzaHTu.1","action":"SyncServerConnectionManagerRequest", "result":"SYNC_SERVER_OK", "context":{"environment":"Prod_japaneast_prod-s01-061-apac-japaneast", "migrationStage":"NotStarted", "server":"akswtt107000009"}}
{"logTime": "1119/111210", "correlationVector":"T5g1UhhbGCgTZ/U+gzaHTu.2","action":"ProcessGetUpdates", "result":"Done", "context":{"dataType":"Encryption Keys", "deleted":"0", "process_failed_to_decrypt":"0", "process_pending_decryption":"0", "process_success":"1", "total":"1"}}
{"logTime": "1119/111211", "correlationVector":"TJZLfkmGptRRNS343ks6MQ","action":"SyncServerConnectionManagerRequest", "result":"SYNC_SERVER_OK", "context":{"environment":"", "migrationStage":"", "server":""}}
{"logTime": "1119/111211", "correlationVector":"TJZLfkmGptRRNS343ks6MQ.0","action":"EncryptionKeysFetcher.DownloadKeys:", "result":"Success", "context":Key count: 2, Last key timestamp: 2025-08-31T07:24:38Z}
{"logTime": "1119/111211", "correlationVector":"TJZLfkmGptRRNS343ks6MQ.1","action":"EncryptionKeysManager::SetEncryptionKeys:", "result":"Success", "context":Key names[2]:[Q+Aea4aB1hNTEsT6lNlZdmsAItM9nqFVBr8P62mMdxjLXtkHyxRlIbL2jyk3uJ4V6vgtGdn79bewQTMt71sM+g==][6aFfpVy27T3296+RdWdEVKoxUQ9eEPQIUl/RfVN9Hzg2981/mUB8FL1gUJfiHwS/H23UqnwXzw9stmANi0POFQ==]}
{"logTime": "1119/111211", "correlationVector":"TJZLfkmGptRRNS343ks6MQ.2","action":"EncryptionKeysManager::SetEncryptionKeysWithTimestamps:", "result":"Success", "context":Key timestamps[2]:[2025-02-27T05:39:22Z][2025-08-31T07:24:38Z]}
{"logTime": "1119/111211", "correlationVector":"T5g1UhhbGCgTZ/U+gzaHTu","action":"Initial GetUpdates", "result":"", "context":Reason: NEW_CLIENT. cV=T5g1UhhbGCgTZ/U+gzaHTu}
{"logTime": "1119/111211", "correlationVector":"T5g1UhhbGCgTZ/U+gzaHTu.3","action":"GetUpdates Response", "result":"Success", "context":Received 1 update(s). cV=T5g1UhhbGCgTZ/U+gzaHTu.0;server=akswtt107000009;cloudType=Consumer;environment=Prod_japaneast_prod-s01-061-apac-japaneast;migrationStage=NotStarted}
{"logTime": "1119/111211", "correlationVector":"j2rekzoipl4jsAWP1eICQ/","action":"Initial GetUpdates", "result":"", "context":Reason: NEWLY_SUPPORTED_DATATYPE. cV=j2rekzoipl4jsAWP1eICQ/}
{"logTime": "1119/111211", "correlationVector":"j2rekzoipl4jsAWP1eICQ/.1","action":"SyncServerConnectionManagerRequest", "result":"SYNC_SERVER_OK", "context":{"environment":"Prod_japaneast_prod-s01-061-apac-japaneast", "migrationStage":"NotStarted", "server":"akswtt107000010"}}
{"logTime": "1119/111211", "correlationVector":"j2rekzoipl4jsAWP1eICQ/.2","action":"ProcessGetUpdates", "result":"Done", "context":{"dataType":"Passwords", "deleted":"0", "process_failed_to_decrypt":"0", "process_pending_decryption":"0", "process_success":"15", "total":"15"}}
{"logTime": "1119/111211", "correlationVector":"j2rekzoipl4jsAWP1eICQ/.3","action":"GetUpdates Response", "result":"Success", "context":Received 15 update(s). cV=j2rekzoipl4jsAWP1eICQ/.0;server=akswtt107000010;cloudType=Consumer;environment=Prod_japaneast_prod-s01-061-apac-japaneast;migrationStage=NotStarted}
{"logTime": "1119/111211", "correlationVector":"+CaMKSg7ToGyLPFLwZ93uJ","action":"Normal GetUpdate request", "result":"", "context":cV=+CaMKSg7ToGyLPFLwZ93uJ
Nudged types: Sessions, Device Info, History
Refresh requested types: Bookmarks, Preferences, Passwords, Autofill Profiles, Autofill, Extensions, Sessions, Extension settings, History Delete Directives, Device Info, User Consents, Send Tab To Self, Web Apps, History, Saved Tab Group, WebAuthn Credentials, Collection, Edge E Drop, Edge Hub App Usage, Edge Wallet, Encryption Keys}
{"logTime": "1119/111211", "correlationVector":"+CaMKSg7ToGyLPFLwZ93uJ.1","action":"SyncServerConnectionManagerRequest", "result":"SYNC_SERVER_OK", "context":{"environment":"Prod_japaneast_prod-s01-061-apac-japaneast", "migrationStage":"NotStarted", "server":"akswtt107000009"}}
{"logTime": "1119/111211", "correlationVector":"+CaMKSg7ToGyLPFLwZ93uJ.2","action":"ProcessGetUpdates", "result":"Done", "context":{"dataType":"Preferences", "deleted":"0", "process_failed_to_decrypt":"0", "process_pending_decryption":"0", "process_success":"2", "total":"2"}}
{"logTime": "1119/111211", "correlationVector":"+CaMKSg7ToGyLPFLwZ93uJ.3","action":"ProcessGetUpdates", "result":"Done", "context":{"dataType":"Sessions", "deleted":"1", "process_failed_to_decrypt":"0", "process_pending_decryption":"0", "process_success":"5", "total":"5"}}
{"logTime": "1119/111211", "correlationVector":"+CaMKSg7ToGyLPFLwZ93uJ.4","action":"ProcessGetUpdates", "result":"Done", "context":{"dataType":"Device Info", "deleted":"0", "process_failed_to_decrypt":"0", "process_pending_decryption":"0", "process_success":"2", "total":"2"}}
{"logTime": "1119/111211", "correlationVector":"+CaMKSg7ToGyLPFLwZ93uJ.5","action":"ProcessGetUpdates", "result":"Done", "context":{"dataType":"History", "deleted":"0", "process_failed_to_decrypt":"0", "process_pending_decryption":"0", "process_success":"7", "total":"7"}}
{"logTime": "1119/111211", "correlationVector":"+CaMKSg7ToGyLPFLwZ93uJ.6","action":"GetUpdates Response", "result":"Success", "context":Received 16 update(s). cV=+CaMKSg7ToGyLPFLwZ93uJ.0;server=akswtt107000009;cloudType=Consumer;environment=Prod_japaneast_prod-s01-061-apac-japaneast;migrationStage=NotStarted}
{"logTime": "1119/111211", "correlationVector":"XTJ3Lmka71wW0kD2DOC21Y","action":"Commit Request", "result":"", "context":Item count: 5
Contributing types: Sessions, Device Info, History}
{"logTime": "1119/111212", "correlationVector":"XTJ3Lmka71wW0kD2DOC21Y.1","action":"SyncServerConnectionManagerRequest", "result":"SYNC_SERVER_OK", "context":{"environment":"Prod_japaneast_prod-s01-061-apac-japaneast", "migrationStage":"NotStarted", "server":"akswtt107000017"}}
{"logTime": "1119/111212", "correlationVector":"XTJ3Lmka71wW0kD2DOC21Y.3","action":"Commit.Sessions", "result":"Success", "context":{"id":"bc180145-3bd9-48a7-b65d-1887ac2aebac", "isDeleted":"true", "size":"0", "version":"1763550278912"}}
{"logTime": "1119/111212", "correlationVector":"XTJ3Lmka71wW0kD2DOC21Y.2","action":"Commit Response", "result":"Success", "context":Result: Success. cV=XTJ3Lmka71wW0kD2DOC21Y.0;server=akswtt107000017;cloudType=Consumer;environment=Prod_japaneast_prod-s01-061-apac-japaneast;migrationStage=NotStarted}
{"logTime": "1119/111212", "correlationVector":"5IbNG3F7fcY/nNQau3gtPG","action":"Commit Request", "result":"", "context":Item count: 14
Contributing types: Preferences, Passwords}
{"logTime": "1119/111213", "correlationVector":"5IbNG3F7fcY/nNQau3gtPG.1","action":"SyncServerConnectionManagerRequest", "result":"SYNC_SERVER_OK", "context":{"environment":"Prod_japaneast_prod-s01-061-apac-japaneast", "migrationStage":"NotStarted", "server":"akswtt10700000y"}}
{"logTime": "1119/111213", "correlationVector":"5IbNG3F7fcY/nNQau3gtPG.2","action":"Commit Response", "result":"Success", "context":Result: Success. cV=5IbNG3F7fcY/nNQau3gtPG.0;server=akswtt10700000y;cloudType=Consumer;environment=Prod_japaneast_prod-s01-061-apac-japaneast;migrationStage=NotStarted}
{"logTime": "1202/063306", "correlationVector":"+mqUXZuMam1kGsznh7Zjz8.1","action":"SyncServerConnectionManagerRequest", "result":"SYNC_SERVER_OK", "context":{"environment":"Prod_japaneast_prod-s01-061-apac-japaneast", "migrationStage":"NotStarted", "server":"akswtt10800000l"}}
{"logTime": "1202/063306", "correlationVector":"+mqUXZuMam1kGsznh7Zjz8.2","action":"ProcessGetUpdates", "result":"Done", "context":{"dataType":"Encryption Keys", "deleted":"0", "process_failed_to_decrypt":"0", "process_pending_decryption":"0", "process_success":"1", "total":"1"}}
{"logTime": "1202/063307", "correlationVector":"/cEmnkbfbmMSA1biV5EOqz","action":"SyncServerConnectionManagerRequest", "result":"SYNC_SERVER_OK", "context":{"environment":"", "migrationStage":"", "server":""}}
{"logTime": "1202/063307", "correlationVector":"/cEmnkbfbmMSA1biV5EOqz.0","action":"EncryptionKeysFetcher.DownloadKeys:", "result":"Success", "context":Key count: 2, Last key timestamp: 2025-08-31T07:24:38Z}
{"logTime": "1202/063307", "correlationVector":"/cEmnkbfbmMSA1biV5EOqz.1","action":"EncryptionKeysManager::SetEncryptionKeys:", "result":"Success", "context":Key names[2]:[Q+Aea4aB1hNTEsT6lNlZdmsAItM9nqFVBr8P62mMdxjLXtkHyxRlIbL2jyk3uJ4V6vgtGdn79bewQTMt71sM+g==][6aFfpVy27T3296+RdWdEVKoxUQ9eEPQIUl/RfVN9Hzg2981/mUB8FL1gUJfiHwS/H23UqnwXzw9stmANi0POFQ==]}
{"logTime": "1202/063307", "correlationVector":"/cEmnkbfbmMSA1biV5EOqz.2","action":"EncryptionKeysManager::SetEncryptionKeysWithTimestamps:", "result":"Success", "context":Key timestamps[2]:[2025-02-27T05:39:22Z][2025-08-31T07:24:38Z]}
{"logTime": "1202/063307", "correlationVector":"+mqUXZuMam1kGsznh7Zjz8","action":"Initial GetUpdates", "result":"", "context":Reason: NEW_CLIENT. cV=+mqUXZuMam1kGsznh7Zjz8}
{"logTime": "1202/063307", "correlationVector":"+mqUXZuMam1kGsznh7Zjz8.3","action":"GetUpdates Response", "result":"Success", "context":Received 1 update(s). cV=+mqUXZuMam1kGsznh7Zjz8.0;server=akswtt10800000l;cloudType=Consumer;environment=Prod_japaneast_prod-s01-061-apac-japaneast;migrationStage=NotStarted}
{"logTime": "1202/063307", "correlationVector":"LnCUYDgvAaUDukq+Dg8oZf","action":"Initial GetUpdates", "result":"", "context":Reason: NEWLY_SUPPORTED_DATATYPE. cV=LnCUYDgvAaUDukq+Dg8oZf}
{"logTime": "1202/063307", "correlationVector":"LnCUYDgvAaUDukq+Dg8oZf.1","action":"SyncServerConnectionManagerRequest", "result":"SYNC_SERVER_OK", "context":{"environment":"Prod_japaneast_prod-s01-061-apac-japaneast", "migrationStage":"NotStarted", "server":"akswtt108000000"}}
{"logTime": "1202/063307", "correlationVector":"LnCUYDgvAaUDukq+Dg8oZf.2","action":"ProcessGetUpdates", "result":"Done", "context":{"dataType":"Passwords", "deleted":"0", "process_failed_to_decrypt":"0", "process_pending_decryption":"0", "process_success":"15", "total":"15"}}
{"logTime": "1202/063307", "correlationVector":"LnCUYDgvAaUDukq+Dg8oZf.3","action":"GetUpdates Response", "result":"Success", "context":Received 15 update(s). cV=LnCUYDgvAaUDukq+Dg8oZf.0;server=akswtt108000000;cloudType=Consumer;environment=Prod_japaneast_prod-s01-061-apac-japaneast;migrationStage=NotStarted}
{"logTime": "1202/063307", "correlationVector":"se8PkASEVcOEntTiZIkqQu","action":"Normal GetUpdate request", "result":"", "context":cV=se8PkASEVcOEntTiZIkqQu
Nudged types: Sessions, Device Info, History, Edge Hub App Usage
Refresh requested types: Bookmarks, Preferences, Passwords, Autofill Profiles, Autofill, Extensions, Sessions, Extension settings, History Delete Directives, Device Info, User Consents, Send Tab To Self, Web Apps, History, Saved Tab Group, WebAuthn Credentials, Collection, Edge E Drop, Edge Hub App Usage, Edge Wallet, Encryption Keys}
{"logTime": "1202/063308", "correlationVector":"se8PkASEVcOEntTiZIkqQu.1","action":"SyncServerConnectionManagerRequest", "result":"SYNC_SERVER_OK", "context":{"environment":"Prod_japaneast_prod-s01-061-apac-japaneast", "migrationStage":"NotStarted", "server":"akswtt10800000o"}}
{"logTime": "1202/063308", "correlationVector":"se8PkASEVcOEntTiZIkqQu.2","action":"ProcessGetUpdates", "result":"Done", "context":{"dataType":"Preferences", "deleted":"0", "process_failed_to_decrypt":"0", "process_pending_decryption":"0", "process_success":"3", "total":"3"}}
{"logTime": "1202/063308", "correlationVector":"se8PkASEVcOEntTiZIkqQu.3","action":"ProcessGetUpdates", "result":"Done", "context":{"dataType":"Autofill", "deleted":"0", "process_failed_to_decrypt":"0", "process_pending_decryption":"0", "process_success":"5", "total":"5"}}
{"logTime": "1202/063308", "correlationVector":"se8PkASEVcOEntTiZIkqQu.4","action":"ProcessGetUpdates", "result":"Done", "context":{"dataType":"Sessions", "deleted":"46", "process_failed_to_decrypt":"0", "process_pending_decryption":"0", "process_success":"49", "total":"49"}}
{"logTime": "1202/063308", "correlationVector":"se8PkASEVcOEntTiZIkqQu.5","action":"ProcessGetUpdates", "result":"Done", "context":{"dataType":"Device Info", "deleted":"0", "process_failed_to_decrypt":"0", "process_pending_decryption":"0", "process_success":"2", "total":"2"}}
{"logTime": "1202/063308", "correlationVector":"se8PkASEVcOEntTiZIkqQu.6","action":"ProcessGetUpdates", "result":"Done", "context":{"dataType":"History", "deleted":"0", "process_failed_to_decrypt":"0", "process_pending_decryption":"0", "process_success":"250", "total":"250"}}
{"logTime": "1202/063308", "correlationVector":"se8PkASEVcOEntTiZIkqQu.7","action":"ProcessGetUpdates", "result":"Done", "context":{"dataType":"Edge Hub App Usage", "deleted":"2", "process_failed_to_decrypt":"0", "process_pending_decryption":"0", "process_success":"2", "total":"2"}}
{"logTime": "1202/063308", "correlationVector":"se8PkASEVcOEntTiZIkqQu.8","action":"GetUpdates Response", "result":"Success", "context":Received 311 update(s). cV=se8PkASEVcOEntTiZIkqQu.0;server=akswtt10800000o;cloudType=Consumer;environment=Prod_japaneast_prod-s01-061-apac-japaneast;migrationStage=NotStarted Some updates remain.}
{"logTime": "1202/063308", "correlationVector":"/We3uIoAL+IUbiQPOKbP5H","action":"Normal GetUpdate request", "result":"", "context":cV=/We3uIoAL+IUbiQPOKbP5H
Nudged types: Sessions, Device Info, History, Edge Hub App Usage
Refresh requested types: Bookmarks, Preferences, Passwords, Autofill Profiles, Autofill, Extensions, Sessions, Extension settings, History Delete Directives, Device Info, User Consents, Send Tab To Self, Web Apps, History, Saved Tab Group, WebAuthn Credentials, Collection, Edge E Drop, Edge Hub App Usage, Edge Wallet, Encryption Keys}
{"logTime": "1202/063308", "correlationVector":"/We3uIoAL+IUbiQPOKbP5H.1","action":"SyncServerConnectionManagerRequest", "result":"SYNC_SERVER_OK", "context":{"environment":"Prod_japaneast_prod-s01-061-apac-japaneast", "migrationStage":"NotStarted", "server":"akswtt10800000j"}}
{"logTime": "1202/063308", "correlationVector":"/We3uIoAL+IUbiQPOKbP5H.2","action":"ProcessGetUpdates", "result":"Done", "context":{"dataType":"Bookmarks", "deleted":"0", "process_failed_to_decrypt":"0", "process_pending_decryption":"0", "process_success":"1", "total":"1"}}
{"logTime": "1202/063308", "correlationVector":"/We3uIoAL+IUbiQPOKbP5H.3","action":"ProcessGetUpdates", "result":"Done", "context":{"dataType":"Preferences", "deleted":"0", "process_failed_to_decrypt":"0", "process_pending_decryption":"0", "process_success":"3", "total":"3"}}
{"logTime": "1202/063308", "correlationVector":"/We3uIoAL+IUbiQPOKbP5H.4","action":"ProcessGetUpdates", "result":"Done", "context":{"dataType":"Autofill", "deleted":"0", "process_failed_to_decrypt":"0", "process_pending_decryption":"0", "process_success":"6", "total":"6"}}
{"logTime": "1202/063308", "correlationVector":"/We3uIoAL+IUbiQPOKbP5H.5","action":"ProcessGetUpdates", "result":"Done", "context":{"dataType":"Sessions", "deleted":"4", "process_failed_to_decrypt":"0", "process_pending_decryption":"0", "process_success":"7", "total":"7"}}
{"logTime": "1202/063308", "correlationVector":"/We3uIoAL+IUbiQPOKbP5H.6","action":"ProcessGetUpdates", "result":"Done", "context":{"dataType":"Device Info", "deleted":"0", "process_failed_to_decrypt":"0", "process_pending_decryption":"0", "process_success":"1", "total":"1"}}
{"logTime": "1202/063308", "correlationVector":"/We3uIoAL+IUbiQPOKbP5H.7","action":"ProcessGetUpdates", "result":"Done", "context":{"dataType":"History", "deleted":"0", "process_failed_to_decrypt":"0", "process_pending_decryption":"0", "process_success":"199", "total":"199"}}
{"logTime": "1202/063308", "correlationVector":"/We3uIoAL+IUbiQPOKbP5H.8","action":"ProcessGetUpdates", "result":"Done", "context":{"dataType":"Edge Hub App Usage", "deleted":"0", "process_failed_to_decrypt":"0", "process_pending_decryption":"0", "process_success":"1", "total":"1"}}
{"logTime": "1202/063308", "correlationVector":"/We3uIoAL+IUbiQPOKbP5H.9","action":"GetUpdates Response", "result":"Success", "context":Received 218 update(s). cV=/We3uIoAL+IUbiQPOKbP5H.0;server=akswtt10800000j;cloudType=Consumer;environment=Prod_japaneast_prod-s01-061-apac-japaneast;migrationStage=NotStarted}
{"logTime": "1202/063308", "correlationVector":"tsMwDf31H/+kRvKo5+UCUN","action":"Commit Request", "result":"", "context":Item count: 7
Contributing types: Sessions, Device Info, History}
{"logTime": "1202/063309", "correlationVector":"tsMwDf31H/+kRvKo5+UCUN.1","action":"SyncServerConnectionManagerRequest", "result":"SYNC_SERVER_OK", "context":{"environment":"Prod_southeastasia_prod-s01-065-apac-southeastasia", "migrationStage":"NotStarted", "server":"akswtt108000005"}}
{"logTime": "1202/063309", "correlationVector":"tsMwDf31H/+kRvKo5+UCUN.3","action":"Commit.Sessions", "result":"Success", "context":{"id":"ea52785d-97e1-4ff9-af12-736f3479be0d", "isDeleted":"true", "size":"0", "version":"1763550731918"}}
{"logTime": "1202/063309", "correlationVector":"tsMwDf31H/+kRvKo5+UCUN.2","action":"Commit Response", "result":"Success", "context":Result: Success. cV=tsMwDf31H/+kRvKo5+UCUN.0;server=akswtt108000005;cloudType=Consumer;environment=Prod_southeastasia_prod-s01-065-apac-southeastasia;migrationStage=NotStarted}
{"logTime": "1202/063309", "correlationVector":"ypBbAUyB2Rt8KwAOOyAqsC","action":"Commit Request", "result":"", "context":Item count: 16
Contributing types: Preferences, Passwords, Sessions, History}
{"logTime": "1202/063310", "correlationVector":"ypBbAUyB2Rt8KwAOOyAqsC.1","action":"SyncServerConnectionManagerRequest", "result":"SYNC_SERVER_OK", "context":{"environment":"Prod_japaneast_prod-s01-061-apac-japaneast", "migrationStage":"NotStarted", "server":"akswtt108000002"}}
{"logTime": "1202/063310", "correlationVector":"ypBbAUyB2Rt8KwAOOyAqsC.2","action":"Commit Response", "result":"Success", "context":Result: Success. cV=ypBbAUyB2Rt8KwAOOyAqsC.0;server=akswtt108000002;cloudType=Consumer;environment=Prod_japaneast_prod-s01-061-apac-japaneast;migrationStage=NotStarted}
{"logTime": "1202/063310", "correlationVector":"y95YckftHZLDw3VozVhfEA","action":"Poll GetUpdate request", "result":"", "context":cV=y95YckftHZLDw3VozVhfEA}
{"logTime": "1202/063310", "correlationVector":"y95YckftHZLDw3VozVhfEA.1","action":"SyncServerConnectionManagerRequest", "result":"SYNC_SERVER_OK", "context":{"environment":"Prod_japaneast_prod-s01-061-apac-japaneast", "migrationStage":"NotStarted", "server":"akswtt10800000o"}}
{"logTime": "1202/063310", "correlationVector":"y95YckftHZLDw3VozVhfEA.2","action":"ProcessGetUpdates", "result":"Done", "context":{"dataType":"Preferences", "deleted":"0", "process_failed_to_decrypt":"0", "process_pending_decryption":"0", "process_success":"1", "total":"1"}}
{"logTime": "1202/063310", "correlationVector":"y95YckftHZLDw3VozVhfEA.3","action":"ProcessGetUpdates", "result":"Done", "context":{"dataType":"Passwords", "deleted":"0", "process_failed_to_decrypt":"0", "process_pending_decryption":"0", "process_success":"13", "total":"13"}}
{"logTime": "1202/063310", "correlationVector":"y95YckftHZLDw3VozVhfEA.4","action":"ProcessGetUpdates", "result":"Done", "context":{"dataType":"Sessions", "deleted":"1", "process_failed_to_decrypt":"0", "process_pending_decryption":"0", "process_success":"3", "total":"3"}}
{"logTime": "1202/063310", "correlationVector":"y95YckftHZLDw3VozVhfEA.5","action":"ProcessGetUpdates", "result":"Done", "context":{"dataType":"Device Info", "deleted":"0", "process_failed_to_decrypt":"0", "process_pending_decryption":"0", "process_success":"1", "total":"1"}}
{"logTime": "1202/063310", "correlationVector":"y95YckftHZLDw3VozVhfEA.6","action":"ProcessGetUpdates", "result":"Done", "context":{"dataType":"History", "deleted":"0", "process_failed_to_decrypt":"0", "process_pending_decryption":"0", "process_success":"4", "total":"4"}}
{"logTime": "1202/063310", "correlationVector":"y95YckftHZLDw3VozVhfEA.7","action":"GetUpdates Response", "result":"Success", "context":Received 22 update(s). cV=y95YckftHZLDw3VozVhfEA.0;server=akswtt10800000o;cloudType=Consumer;environment=Prod_japaneast_prod-s01-061-apac-japaneast;migrationStage=NotStarted}
{"logTime": "1202/063329", "correlationVector":"NDX6y7I2IZtpeajFF8GiCq","action":"Commit Request", "result":"", "context":Item count: 2
Contributing types: Preferences, History}
{"logTime": "1202/063330", "correlationVector":"NDX6y7I2IZtpeajFF8GiCq.1","action":"SyncServerConnectionManagerRequest", "result":"SYNC_SERVER_OK", "context":{"environment":"Prod_japaneast_prod-s01-061-apac-japaneast", "migrationStage":"NotStarted", "server":"akswtt108000009"}}
{"logTime": "1202/063330", "correlationVector":"NDX6y7I2IZtpeajFF8GiCq.2","action":"Commit Response", "result":"Success", "context":Result: Success. cV=NDX6y7I2IZtpeajFF8GiCq.0;server=akswtt108000009;cloudType=Consumer;environment=Prod_japaneast_prod-s01-061-apac-japaneast;migrationStage=NotStarted}
{"logTime": "1202/063410", "correlationVector":"uMxP21GX8PGeYBisOliL9Q","action":"Commit Request", "result":"", "context":Item count: 1
Contributing types: Device Info}
{"logTime": "1202/063410", "correlationVector":"uMxP21GX8PGeYBisOliL9Q.1","action":"SyncServerConnectionManagerRequest", "result":"SYNC_SERVER_OK", "context":{"environment":"Prod_japaneast_prod-s01-061-apac-japaneast", "migrationStage":"NotStarted", "server":"akswtt10800000d"}}
{"logTime": "1202/063410", "correlationVector":"uMxP21GX8PGeYBisOliL9Q.2","action":"Commit Response", "result":"Success", "context":Result: Success. cV=uMxP21GX8PGeYBisOliL9Q.0;server=akswtt10800000d;cloudType=Consumer;environment=Prod_japaneast_prod-s01-061-apac-japaneast;migrationStage=NotStarted}
{"logTime": "1202/064002", "correlationVector":"fZdKLgeRFsy6ndzXtw3XoJ.1","action":"SyncServerConnectionManagerRequest", "result":"SYNC_SERVER_OK", "context":{"environment":"Prod_southeastasia_prod-s01-064-apac-southeastasia", "migrationStage":"NotStarted", "server":"akswtt10800000k"}}
{"logTime": "1202/064002", "correlationVector":"fZdKLgeRFsy6ndzXtw3XoJ.2","action":"ProcessGetUpdates", "result":"Done", "context":{"dataType":"Encryption Keys", "deleted":"0", "process_failed_to_decrypt":"0", "process_pending_decryption":"0", "process_success":"1", "total":"1"}}
{"logTime": "1202/064003", "correlationVector":"dYPO/olajytxLuCjhNewwo","action":"SyncServerConnectionManagerRequest", "result":"SYNC_SERVER_OK", "context":{"environment":"", "migrationStage":"", "server":""}}
{"logTime": "1202/064003", "correlationVector":"dYPO/olajytxLuCjhNewwo.0","action":"EncryptionKeysFetcher.DownloadKeys:", "result":"Success", "context":Key count: 2, Last key timestamp: 2025-08-31T07:24:38Z}
{"logTime": "1202/064003", "correlationVector":"dYPO/olajytxLuCjhNewwo.1","action":"EncryptionKeysManager::SetEncryptionKeys:", "result":"Success", "context":Key names[2]:[Q+Aea4aB1hNTEsT6lNlZdmsAItM9nqFVBr8P62mMdxjLXtkHyxRlIbL2jyk3uJ4V6vgtGdn79bewQTMt71sM+g==][6aFfpVy27T3296+RdWdEVKoxUQ9eEPQIUl/RfVN9Hzg2981/mUB8FL1gUJfiHwS/H23UqnwXzw9stmANi0POFQ==]}
{"logTime": "1202/064003", "correlationVector":"dYPO/olajytxLuCjhNewwo.2","action":"EncryptionKeysManager::SetEncryptionKeysWithTimestamps:", "result":"Success", "context":Key timestamps[2]:[2025-02-27T05:39:22Z][2025-08-31T07:24:38Z]}
{"logTime": "1202/064003", "correlationVector":"fZdKLgeRFsy6ndzXtw3XoJ","action":"Initial GetUpdates", "result":"", "context":Reason: NEW_CLIENT. cV=fZdKLgeRFsy6ndzXtw3XoJ}
{"logTime": "1202/064003", "correlationVector":"fZdKLgeRFsy6ndzXtw3XoJ.3","action":"GetUpdates Response", "result":"Success", "context":Received 1 update(s). cV=fZdKLgeRFsy6ndzXtw3XoJ.0;server=akswtt10800000k;cloudType=Consumer;environment=Prod_southeastasia_prod-s01-064-apac-southeastasia;migrationStage=NotStarted}
{"logTime": "1202/064003", "correlationVector":"A1jl8TGofoY7xCxsmkapj2","action":"Initial GetUpdates", "result":"", "context":Reason: NEWLY_SUPPORTED_DATATYPE. cV=A1jl8TGofoY7xCxsmkapj2}
{"logTime": "1202/064003", "correlationVector":"A1jl8TGofoY7xCxsmkapj2.1","action":"SyncServerConnectionManagerRequest", "result":"SYNC_SERVER_OK", "context":{"environment":"Prod_southeastasia_prod-s01-064-apac-southeastasia", "migrationStage":"NotStarted", "server":"akswtt108000000"}}
{"logTime": "1202/064003", "correlationVector":"A1jl8TGofoY7xCxsmkapj2.2","action":"ProcessGetUpdates", "result":"Done", "context":{"dataType":"Passwords", "deleted":"0", "process_failed_to_decrypt":"0", "process_pending_decryption":"0", "process_success":"15", "total":"15"}}
{"logTime": "1202/064003", "correlationVector":"A1jl8TGofoY7xCxsmkapj2.3","action":"GetUpdates Response", "result":"Success", "context":Received 15 update(s). cV=A1jl8TGofoY7xCxsmkapj2.0;server=akswtt108000000;cloudType=Consumer;environment=Prod_southeastasia_prod-s01-064-apac-southeastasia;migrationStage=NotStarted}
{"logTime": "1202/064003", "correlationVector":"dOvEs6mcMhPPZQU9FZkd51","action":"Normal GetUpdate request", "result":"", "context":cV=dOvEs6mcMhPPZQU9FZkd51
Nudged types: Sessions, Device Info, History
Refresh requested types: Bookmarks, Preferences, Passwords, Autofill Profiles, Autofill, Extensions, Sessions, Extension settings, History Delete Directives, Device Info, User Consents, Send Tab To Self, Web Apps, History, Saved Tab Group, WebAuthn Credentials, Collection, Edge E Drop, Edge Hub App Usage, Edge Wallet, Encryption Keys}
{"logTime": "1202/064003", "correlationVector":"dOvEs6mcMhPPZQU9FZkd51.1","action":"SyncServerConnectionManagerRequest", "result":"SYNC_SERVER_OK", "context":{"environment":"Prod_japaneast_prod-s01-061-apac-japaneast", "migrationStage":"NotStarted", "server":"akswtt10800000h"}}
{"logTime": "1202/064003", "correlationVector":"dOvEs6mcMhPPZQU9FZkd51.2","action":"ProcessGetUpdates", "result":"Done", "context":{"dataType":"Preferences", "deleted":"0", "process_failed_to_decrypt":"0", "process_pending_decryption":"0", "process_success":"2", "total":"2"}}
{"logTime": "1202/064003", "correlationVector":"dOvEs6mcMhPPZQU9FZkd51.3","action":"ProcessGetUpdates", "result":"Done", "context":{"dataType":"Sessions", "deleted":"1", "process_failed_to_decrypt":"0", "process_pending_decryption":"0", "process_success":"5", "total":"5"}}
{"logTime": "1202/064003", "correlationVector":"dOvEs6mcMhPPZQU9FZkd51.4","action":"ProcessGetUpdates", "result":"Done", "context":{"dataType":"Device Info", "deleted":"0", "process_failed_to_decrypt":"0", "process_pending_decryption":"0", "process_success":"2", "total":"2"}}
{"logTime": "1202/064003", "correlationVector":"dOvEs6mcMhPPZQU9FZkd51.5","action":"ProcessGetUpdates", "result":"Done", "context":{"dataType":"History", "deleted":"0", "process_failed_to_decrypt":"0", "process_pending_decryption":"0", "process_success":"6", "total":"6"}}
{"logTime": "1202/064003", "correlationVector":"dOvEs6mcMhPPZQU9FZkd51.6","action":"GetUpdates Response", "result":"Success", "context":Received 15 update(s). cV=dOvEs6mcMhPPZQU9FZkd51.0;server=akswtt10800000h;cloudType=Consumer;environment=Prod_japaneast_prod-s01-061-apac-japaneast;migrationStage=NotStarted}
{"logTime": "1202/064003", "correlationVector":"mIeWJrPwqkKWuoXcgUNZ/H","action":"Commit Request", "result":"", "context":Item count: 6
Contributing types: Sessions, Device Info, History}
{"logTime": "1202/064004", "correlationVector":"mIeWJrPwqkKWuoXcgUNZ/H.1","action":"SyncServerConnectionManagerRequest", "result":"SYNC_SERVER_OK", "context":{"environment":"Prod_japaneast_prod-s01-061-apac-japaneast", "migrationStage":"NotStarted", "server":"akswtt108000001"}}
{"logTime": "1202/064004", "correlationVector":"mIeWJrPwqkKWuoXcgUNZ/H.2","action":"Commit Response", "result":"Success", "context":Result: Success. cV=mIeWJrPwqkKWuoXcgUNZ/H.0;server=akswtt108000001;cloudType=Consumer;environment=Prod_japaneast_prod-s01-061-apac-japaneast;migrationStage=NotStarted}
{"logTime": "1202/064004", "correlationVector":"gHOs3noZkp2bvsXONAHsFy","action":"Commit Request", "result":"", "context":Item count: 14
Contributing types: Preferences, Passwords}
{"logTime": "1202/064005", "correlationVector":"gHOs3noZkp2bvsXONAHsFy.1","action":"SyncServerConnectionManagerRequest", "result":"SYNC_SERVER_OK", "context":{"environment":"Prod_southeastasia_prod-s01-065-apac-southeastasia", "migrationStage":"NotStarted", "server":"akswtt108000003"}}
{"logTime": "1202/064005", "correlationVector":"gHOs3noZkp2bvsXONAHsFy.2","action":"Commit Response", "result":"Success", "context":Result: Success. cV=gHOs3noZkp2bvsXONAHsFy.0;server=akswtt108000003;cloudType=Consumer;environment=Prod_southeastasia_prod-s01-065-apac-southeastasia;migrationStage=NotStarted}
{"logTime": "1202/064056", "correlationVector":"qYRajUiYswu0eSPutIyWzg","action":"Commit Request", "result":"", "context":Item count: 3
Contributing types: Sessions, History}
{"logTime": "1202/064057", "correlationVector":"qYRajUiYswu0eSPutIyWzg.1","action":"SyncServerConnectionManagerRequest", "result":"SYNC_SERVER_OK", "context":{"environment":"Prod_japaneast_prod-s01-061-apac-japaneast", "migrationStage":"NotStarted", "server":"akswtt10800000s"}}
{"logTime": "1202/064057", "correlationVector":"qYRajUiYswu0eSPutIyWzg.2","action":"Commit Response", "result":"Success", "context":Result: Success. cV=qYRajUiYswu0eSPutIyWzg.0;server=akswtt10800000s;cloudType=Consumer;environment=Prod_japaneast_prod-s01-061-apac-japaneast;migrationStage=NotStarted}
{"logTime": "1202/064057", "correlationVector":"qYRajUiYswu0eSPutIyWzg.3","action":"Commit.Sessions", "result":"Success", "context":{"id":"115b05e9-0dcb-4c47-8169-93004008be18", "isDeleted":"true", "size":"0", "version":"1764657603890"}}
{"logTime": "1202/065134", "correlationVector":"4n9SZ2WQ+hFT8nVwW4KgFf.1","action":"SyncServerConnectionManagerRequest", "result":"SYNC_SERVER_OK", "context":{"environment":"Prod_japaneast_prod-s01-061-apac-japaneast", "migrationStage":"NotStarted", "server":"akswtt10800000o"}}
{"logTime": "1202/065134", "correlationVector":"4n9SZ2WQ+hFT8nVwW4KgFf.2","action":"ProcessGetUpdates", "result":"Done", "context":{"dataType":"Encryption Keys", "deleted":"0", "process_failed_to_decrypt":"0", "process_pending_decryption":"0", "process_success":"1", "total":"1"}}
{"logTime": "1202/065134", "correlationVector":"Kuy92OqEzbp5uPkv9sd9wJ","action":"SyncServerConnectionManagerRequest", "result":"SYNC_SERVER_OK", "context":{"environment":"", "migrationStage":"", "server":""}}
{"logTime": "1202/065134", "correlationVector":"Kuy92OqEzbp5uPkv9sd9wJ.0","action":"EncryptionKeysFetcher.DownloadKeys:", "result":"Success", "context":Key count: 2, Last key timestamp: 2025-08-31T07:24:38Z}
{"logTime": "1202/065134", "correlationVector":"Kuy92OqEzbp5uPkv9sd9wJ.1","action":"EncryptionKeysManager::SetEncryptionKeys:", "result":"Success", "context":Key names[2]:[Q+Aea4aB1hNTEsT6lNlZdmsAItM9nqFVBr8P62mMdxjLXtkHyxRlIbL2jyk3uJ4V6vgtGdn79bewQTMt71sM+g==][6aFfpVy27T3296+RdWdEVKoxUQ9eEPQIUl/RfVN9Hzg2981/mUB8FL1gUJfiHwS/H23UqnwXzw9stmANi0POFQ==]}
{"logTime": "1202/065134", "correlationVector":"Kuy92OqEzbp5uPkv9sd9wJ.2","action":"EncryptionKeysManager::SetEncryptionKeysWithTimestamps:", "result":"Success", "context":Key timestamps[2]:[2025-02-27T05:39:22Z][2025-08-31T07:24:38Z]}
{"logTime": "1202/065134", "correlationVector":"4n9SZ2WQ+hFT8nVwW4KgFf","action":"Initial GetUpdates", "result":"", "context":Reason: NEW_CLIENT. cV=4n9SZ2WQ+hFT8nVwW4KgFf}
{"logTime": "1202/065134", "correlationVector":"4n9SZ2WQ+hFT8nVwW4KgFf.3","action":"GetUpdates Response", "result":"Success", "context":Received 1 update(s). cV=4n9SZ2WQ+hFT8nVwW4KgFf.0;server=akswtt10800000o;cloudType=Consumer;environment=Prod_japaneast_prod-s01-061-apac-japaneast;migrationStage=NotStarted}
{"logTime": "1202/065134", "correlationVector":"xe+N6s1ydK0tABbJ1sgVDO","action":"Initial GetUpdates", "result":"", "context":Reason: NEWLY_SUPPORTED_DATATYPE. cV=xe+N6s1ydK0tABbJ1sgVDO}
{"logTime": "1202/065135", "correlationVector":"xe+N6s1ydK0tABbJ1sgVDO.1","action":"SyncServerConnectionManagerRequest", "result":"SYNC_SERVER_OK", "context":{"environment":"Prod_japaneast_prod-s01-061-apac-japaneast", "migrationStage":"NotStarted", "server":"akswtt108000003"}}
{"logTime": "1202/065135", "correlationVector":"xe+N6s1ydK0tABbJ1sgVDO.2","action":"ProcessGetUpdates", "result":"Done", "context":{"dataType":"Passwords", "deleted":"0", "process_failed_to_decrypt":"0", "process_pending_decryption":"0", "process_success":"15", "total":"15"}}
{"logTime": "1202/065135", "correlationVector":"xe+N6s1ydK0tABbJ1sgVDO.3","action":"GetUpdates Response", "result":"Success", "context":Received 15 update(s). cV=xe+N6s1ydK0tABbJ1sgVDO.0;server=akswtt108000003;cloudType=Consumer;environment=Prod_japaneast_prod-s01-061-apac-japaneast;migrationStage=NotStarted}
{"logTime": "1202/065135", "correlationVector":"NTkonFWVZzS7yHHjC1rw5j","action":"Normal GetUpdate request", "result":"", "context":cV=NTkonFWVZzS7yHHjC1rw5j
Nudged types: Sessions, Device Info, History
Refresh requested types: Bookmarks, Preferences, Passwords, Autofill Profiles, Autofill, Extensions, Sessions, Extension settings, History Delete Directives, Device Info, User Consents, Send Tab To Self, Web Apps, History, Saved Tab Group, WebAuthn Credentials, Collection, Edge E Drop, Edge Hub App Usage, Edge Wallet, Encryption Keys}
{"logTime": "1202/065135", "correlationVector":"NTkonFWVZzS7yHHjC1rw5j.1","action":"SyncServerConnectionManagerRequest", "result":"SYNC_SERVER_OK", "context":{"environment":"Prod_southeastasia_prod-s01-065-apac-southeastasia", "migrationStage":"NotStarted", "server":"akswtt10800000r"}}
{"logTime": "1202/065135", "correlationVector":"NTkonFWVZzS7yHHjC1rw5j.2","action":"ProcessGetUpdates", "result":"Done", "context":{"dataType":"Preferences", "deleted":"0", "process_failed_to_decrypt":"0", "process_pending_decryption":"0", "process_success":"2", "total":"2"}}
{"logTime": "1202/065135", "correlationVector":"NTkonFWVZzS7yHHjC1rw5j.3","action":"ProcessGetUpdates", "result":"Done", "context":{"dataType":"Sessions", "deleted":"2", "process_failed_to_decrypt":"0", "process_pending_decryption":"0", "process_success":"8", "total":"8"}}
{"logTime": "1202/065135", "correlationVector":"NTkonFWVZzS7yHHjC1rw5j.4","action":"ProcessGetUpdates", "result":"Done", "context":{"dataType":"Device Info", "deleted":"0", "process_failed_to_decrypt":"0", "process_pending_decryption":"0", "process_success":"2", "total":"2"}}
{"logTime": "1202/065135", "correlationVector":"NTkonFWVZzS7yHHjC1rw5j.5","action":"ProcessGetUpdates", "result":"Done", "context":{"dataType":"History", "deleted":"0", "process_failed_to_decrypt":"0", "process_pending_decryption":"0", "process_success":"13", "total":"13"}}
{"logTime": "1202/065135", "correlationVector":"NTkonFWVZzS7yHHjC1rw5j.6","action":"GetUpdates Response", "result":"Success", "context":Received 25 update(s). cV=NTkonFWVZzS7yHHjC1rw5j.0;server=akswtt10800000r;cloudType=Consumer;environment=Prod_southeastasia_prod-s01-065-apac-southeastasia;migrationStage=NotStarted}
{"logTime": "1202/065135", "correlationVector":"9nYQOQdC48INwDHf3O5yn5","action":"Commit Request", "result":"", "context":Item count: 5
Contributing types: Sessions, Device Info, History}
{"logTime": "1202/065136", "correlationVector":"9nYQOQdC48INwDHf3O5yn5.1","action":"SyncServerConnectionManagerRequest", "result":"SYNC_SERVER_OK", "context":{"environment":"Prod_japaneast_prod-s01-061-apac-japaneast", "migrationStage":"NotStarted", "server":"akswtt10800000n"}}
{"logTime": "1202/065136", "correlationVector":"9nYQOQdC48INwDHf3O5yn5.3","action":"Commit.Sessions", "result":"Success", "context":{"id":"e442fa2f-6995-49d0-9211-b6cf618a600a", "isDeleted":"true", "size":"0", "version":"1764657656785"}}
{"logTime": "1202/065136", "correlationVector":"9nYQOQdC48INwDHf3O5yn5.2","action":"Commit Response", "result":"Success", "context":Result: Success. cV=9nYQOQdC48INwDHf3O5yn5.0;server=akswtt10800000n;cloudType=Consumer;environment=Prod_japaneast_prod-s01-061-apac-japaneast;migrationStage=NotStarted}
{"logTime": "1202/065136", "correlationVector":"DQXiWBtkdeOO1AvRHG0+Wt","action":"Commit Request", "result":"", "context":Item count: 14
Contributing types: Preferences, Passwords}
{"logTime": "1202/065137", "correlationVector":"DQXiWBtkdeOO1AvRHG0+Wt.1","action":"SyncServerConnectionManagerRequest", "result":"SYNC_SERVER_OK", "context":{"environment":"Prod_japaneast_prod-s01-061-apac-japaneast", "migrationStage":"NotStarted", "server":"akswtt10800000n"}}
{"logTime": "1202/065137", "correlationVector":"DQXiWBtkdeOO1AvRHG0+Wt.2","action":"Commit Response", "result":"Success", "context":Result: Success. cV=DQXiWBtkdeOO1AvRHG0+Wt.0;server=akswtt10800000n;cloudType=Consumer;environment=Prod_japaneast_prod-s01-061-apac-japaneast;migrationStage=NotStarted}
{"logTime": "1202/065229", "correlationVector":"9iH/OPuetrhFYwwYCzm/AW","action":"Commit Request", "result":"", "context":Item count: 2
Contributing types: Sessions, History}
{"logTime": "1202/065230", "correlationVector":"9iH/OPuetrhFYwwYCzm/AW.1","action":"SyncServerConnectionManagerRequest", "result":"SYNC_SERVER_OK", "context":{"environment":"Prod_japaneast_prod-s01-061-apac-japaneast", "migrationStage":"NotStarted", "server":"akswtt10800000d"}}
{"logTime": "1202/065230", "correlationVector":"9iH/OPuetrhFYwwYCzm/AW.2","action":"Commit Response", "result":"Success", "context":Result: Success. cV=9iH/OPuetrhFYwwYCzm/AW.0;server=akswtt10800000d;cloudType=Consumer;environment=Prod_japaneast_prod-s01-061-apac-japaneast;migrationStage=NotStarted}
{"logTime": "1202/065425", "correlationVector":"cEgIFBDoaFvPCSG6Hn/2VW.1","action":"SyncServerConnectionManagerRequest", "result":"SYNC_SERVER_OK", "context":{"environment":"Prod_japanwest_prod-s01-066-apac-japanwest", "migrationStage":"NotStarted", "server":"akswtt10800000e"}}
{"logTime": "1202/065425", "correlationVector":"cEgIFBDoaFvPCSG6Hn/2VW.2","action":"ProcessGetUpdates", "result":"Done", "context":{"dataType":"Encryption Keys", "deleted":"0", "process_failed_to_decrypt":"0", "process_pending_decryption":"0", "process_success":"1", "total":"1"}}
{"logTime": "1202/065425", "correlationVector":"bHwD+4wqKcBXtcgVXLUL23","action":"SyncServerConnectionManagerRequest", "result":"SYNC_SERVER_OK", "context":{"environment":"", "migrationStage":"", "server":""}}
{"logTime": "1202/065425", "correlationVector":"bHwD+4wqKcBXtcgVXLUL23.0","action":"EncryptionKeysFetcher.DownloadKeys:", "result":"Success", "context":Key count: 2, Last key timestamp: 2025-08-31T07:24:38Z}
{"logTime": "1202/065425", "correlationVector":"bHwD+4wqKcBXtcgVXLUL23.1","action":"EncryptionKeysManager::SetEncryptionKeys:", "result":"Success", "context":Key names[2]:[Q+Aea4aB1hNTEsT6lNlZdmsAItM9nqFVBr8P62mMdxjLXtkHyxRlIbL2jyk3uJ4V6vgtGdn79bewQTMt71sM+g==][6aFfpVy27T3296+RdWdEVKoxUQ9eEPQIUl/RfVN9Hzg2981/mUB8FL1gUJfiHwS/H23UqnwXzw9stmANi0POFQ==]}
{"logTime": "1202/065425", "correlationVector":"bHwD+4wqKcBXtcgVXLUL23.2","action":"EncryptionKeysManager::SetEncryptionKeysWithTimestamps:", "result":"Success", "context":Key timestamps[2]:[2025-02-27T05:39:22Z][2025-08-31T07:24:38Z]}
{"logTime": "1202/065425", "correlationVector":"cEgIFBDoaFvPCSG6Hn/2VW","action":"Initial GetUpdates", "result":"", "context":Reason: NEW_CLIENT. cV=cEgIFBDoaFvPCSG6Hn/2VW}
{"logTime": "1202/065425", "correlationVector":"cEgIFBDoaFvPCSG6Hn/2VW.3","action":"GetUpdates Response", "result":"Success", "context":Received 1 update(s). cV=cEgIFBDoaFvPCSG6Hn/2VW.0;server=akswtt10800000e;cloudType=Consumer;environment=Prod_japanwest_prod-s01-066-apac-japanwest;migrationStage=NotStarted}
{"logTime": "1202/065425", "correlationVector":"8zAyNPvuGDAZV1tyXN69Af","action":"Initial GetUpdates", "result":"", "context":Reason: NEWLY_SUPPORTED_DATATYPE. cV=8zAyNPvuGDAZV1tyXN69Af}
{"logTime": "1202/065425", "correlationVector":"8zAyNPvuGDAZV1tyXN69Af.1","action":"SyncServerConnectionManagerRequest", "result":"SYNC_SERVER_OK", "context":{"environment":"Prod_japanwest_prod-s01-066-apac-japanwest", "migrationStage":"NotStarted", "server":"akswtt108000002"}}
{"logTime": "1202/065425", "correlationVector":"8zAyNPvuGDAZV1tyXN69Af.2","action":"ProcessGetUpdates", "result":"Done", "context":{"dataType":"Passwords", "deleted":"0", "process_failed_to_decrypt":"0", "process_pending_decryption":"0", "process_success":"15", "total":"15"}}
{"logTime": "1202/065425", "correlationVector":"8zAyNPvuGDAZV1tyXN69Af.3","action":"GetUpdates Response", "result":"Success", "context":Received 15 update(s). cV=8zAyNPvuGDAZV1tyXN69Af.0;server=akswtt108000002;cloudType=Consumer;environment=Prod_japanwest_prod-s01-066-apac-japanwest;migrationStage=NotStarted}
{"logTime": "1202/065425", "correlationVector":"iifoW0K9f3RvyE78xCoxhz","action":"Normal GetUpdate request", "result":"", "context":cV=iifoW0K9f3RvyE78xCoxhz
Nudged types: Sessions, Device Info, History
Refresh requested types: Bookmarks, Preferences, Passwords, Autofill Profiles, Autofill, Extensions, Sessions, Extension settings, History Delete Directives, Device Info, User Consents, Send Tab To Self, Web Apps, History, Saved Tab Group, WebAuthn Credentials, Collection, Edge E Drop, Edge Hub App Usage, Edge Wallet, Encryption Keys}
{"logTime": "1202/065426", "correlationVector":"iifoW0K9f3RvyE78xCoxhz.1","action":"SyncServerConnectionManagerRequest", "result":"SYNC_SERVER_OK", "context":{"environment":"Prod_japanwest_prod-s01-066-apac-japanwest", "migrationStage":"NotStarted", "server":"akswtt10800000e"}}
{"logTime": "1202/065426", "correlationVector":"iifoW0K9f3RvyE78xCoxhz.2","action":"ProcessGetUpdates", "result":"Done", "context":{"dataType":"Preferences", "deleted":"0", "process_failed_to_decrypt":"0", "process_pending_decryption":"0", "process_success":"1", "total":"1"}}
{"logTime": "1202/065426", "correlationVector":"iifoW0K9f3RvyE78xCoxhz.3","action":"ProcessGetUpdates", "result":"Done", "context":{"dataType":"Sessions", "deleted":"1", "process_failed_to_decrypt":"0", "process_pending_decryption":"0", "process_success":"4", "total":"4"}}
{"logTime": "1202/065426", "correlationVector":"iifoW0K9f3RvyE78xCoxhz.4","action":"ProcessGetUpdates", "result":"Done", "context":{"dataType":"Device Info", "deleted":"0", "process_failed_to_decrypt":"0", "process_pending_decryption":"0", "process_success":"1", "total":"1"}}
{"logTime": "1202/065426", "correlationVector":"iifoW0K9f3RvyE78xCoxhz.5","action":"ProcessGetUpdates", "result":"Done", "context":{"dataType":"History", "deleted":"0", "process_failed_to_decrypt":"0", "process_pending_decryption":"0", "process_success":"2", "total":"2"}}
{"logTime": "1202/065426", "correlationVector":"iifoW0K9f3RvyE78xCoxhz.6","action":"GetUpdates Response", "result":"Success", "context":Received 8 update(s). cV=iifoW0K9f3RvyE78xCoxhz.0;server=akswtt10800000e;cloudType=Consumer;environment=Prod_japanwest_prod-s01-066-apac-japanwest;migrationStage=NotStarted}
{"logTime": "1202/065426", "correlationVector":"u7MHBn3PX+GuhjlDPwCKfl","action":"Commit Request", "result":"", "context":Item count: 5
Contributing types: Sessions, Device Info, History}
{"logTime": "1202/065426", "correlationVector":"u7MHBn3PX+GuhjlDPwCKfl.1","action":"SyncServerConnectionManagerRequest", "result":"SYNC_SERVER_OK", "context":{"environment":"Prod_japanwest_prod-s01-066-apac-japanwest", "migrationStage":"NotStarted", "server":"akswtt108000009"}}
{"logTime": "1202/065426", "correlationVector":"u7MHBn3PX+GuhjlDPwCKfl.2","action":"Commit Response", "result":"Success", "context":Result: Success. cV=u7MHBn3PX+GuhjlDPwCKfl.0;server=akswtt108000009;cloudType=Consumer;environment=Prod_japanwest_prod-s01-066-apac-japanwest;migrationStage=NotStarted}
{"logTime": "1202/065427", "correlationVector":"F8fRsotQSOLoQR7NssfTqW","action":"Commit Request", "result":"", "context":Item count: 1
Contributing types: Device Info}
{"logTime": "1202/065427", "correlationVector":"F8fRsotQSOLoQR7NssfTqW.1","action":"SyncServerConnectionManagerRequest", "result":"SYNC_SERVER_OK", "context":{"environment":"Prod_japaneast_prod-s01-061-apac-japaneast", "migrationStage":"NotStarted", "server":"akswtt108000004"}}
{"logTime": "1202/065427", "correlationVector":"F8fRsotQSOLoQR7NssfTqW.2","action":"Commit Response", "result":"Success", "context":Result: Success. cV=F8fRsotQSOLoQR7NssfTqW.0;server=akswtt108000004;cloudType=Consumer;environment=Prod_japaneast_prod-s01-061-apac-japaneast;migrationStage=NotStarted}
{"logTime": "1202/065428", "correlationVector":"5YvspJHLtnuBfES60hJQuD","action":"Normal GetUpdate request", "result":"", "context":cV=5YvspJHLtnuBfES60hJQuD
Nudged types: Sessions, History
Notified types: History}
{"logTime": "1202/065428", "correlationVector":"5YvspJHLtnuBfES60hJQuD.1","action":"SyncServerConnectionManagerRequest", "result":"SYNC_SERVER_OK", "context":{"environment":"Prod_japanwest_prod-s01-066-apac-japanwest", "migrationStage":"NotStarted", "server":"akswtt108000007"}}
{"logTime": "1202/065428", "correlationVector":"5YvspJHLtnuBfES60hJQuD.2","action":"ProcessGetUpdates", "result":"Done", "context":{"dataType":"Sessions", "deleted":"0", "process_failed_to_decrypt":"0", "process_pending_decryption":"0", "process_success":"6", "total":"6"}}
{"logTime": "1202/065428", "correlationVector":"5YvspJHLtnuBfES60hJQuD.3","action":"ProcessGetUpdates", "result":"Done", "context":{"dataType":"Device Info", "deleted":"0", "process_failed_to_decrypt":"0", "process_pending_decryption":"0", "process_success":"1", "total":"1"}}
{"logTime": "1202/065428", "correlationVector":"5YvspJHLtnuBfES60hJQuD.4","action":"ProcessGetUpdates", "result":"Done", "context":{"dataType":"History", "deleted":"0", "process_failed_to_decrypt":"0", "process_pending_decryption":"0", "process_success":"5", "total":"5"}}
{"logTime": "1202/065428", "correlationVector":"5YvspJHLtnuBfES60hJQuD.5","action":"GetUpdates Response", "result":"Success", "context":Received 12 update(s). cV=5YvspJHLtnuBfES60hJQuD.0;server=akswtt108000007;cloudType=Consumer;environment=Prod_japanwest_prod-s01-066-apac-japanwest;migrationStage=NotStarted}
{"logTime": "1202/065428", "correlationVector":"3BHV7XseiR/LcmkO84kIEQ","action":"DoCompareDataConsistency: ", "result":"has local changes and skip compare"}
{"logTime": "1202/065428", "correlationVector":"mF0enZ2VjBcOgP4/iF2q9X","action":"Commit Request", "result":"", "context":Item count: 17
Contributing types: Preferences, Passwords, Sessions, History}
{"logTime": "1202/065429", "correlationVector":"mF0enZ2VjBcOgP4/iF2q9X.1","action":"SyncServerConnectionManagerRequest", "result":"SYNC_SERVER_OK", "context":{"environment":"Prod_japaneast_prod-s01-061-apac-japaneast", "migrationStage":"NotStarted", "server":"akswtt10800000q"}}
{"logTime": "1202/065429", "correlationVector":"mF0enZ2VjBcOgP4/iF2q9X.2","action":"Commit Response", "result":"Success", "context":Result: Success. cV=mF0enZ2VjBcOgP4/iF2q9X.0;server=akswtt10800000q;cloudType=Consumer;environment=Prod_japaneast_prod-s01-061-apac-japaneast;migrationStage=NotStarted}
{"logTime": "1202/065429", "correlationVector":"mF0enZ2VjBcOgP4/iF2q9X.3","action":"Commit.Sessions", "result":"Success", "context":{"id":"22f8d202-b253-4e45-81a2-3571db4f08d1", "isDeleted":"true", "size":"0", "version":"1764658466186"}}
{"logTime": "1202/065521", "correlationVector":"LHiNf1tPk7qoqnp4Wrlt+B","action":"Commit Request", "result":"", "context":Item count: 1
Contributing types: History}
{"logTime": "1202/065522", "correlationVector":"LHiNf1tPk7qoqnp4Wrlt+B.1","action":"SyncServerConnectionManagerRequest", "result":"SYNC_SERVER_OK", "context":{"environment":"Prod_japanwest_prod-s01-066-apac-japanwest", "migrationStage":"NotStarted", "server":"akswtt10800000x"}}
{"logTime": "1202/065522", "correlationVector":"LHiNf1tPk7qoqnp4Wrlt+B.2","action":"Commit Response", "result":"Success", "context":Result: Success. cV=LHiNf1tPk7qoqnp4Wrlt+B.0;server=akswtt10800000x;cloudType=Consumer;environment=Prod_japanwest_prod-s01-066-apac-japanwest;migrationStage=NotStarted}
{"logTime": "1202/070437", "correlationVector":"fOjLuXaNRrX8A4DX6Xu2MM.1","action":"SyncServerConnectionManagerRequest", "result":"SYNC_SERVER_OK", "context":{"environment":"Prod_japanwest_prod-s01-066-apac-japanwest", "migrationStage":"NotStarted", "server":"akswtt108000000"}}
{"logTime": "1202/070437", "correlationVector":"fOjLuXaNRrX8A4DX6Xu2MM.2","action":"ProcessGetUpdates", "result":"Done", "context":{"dataType":"Encryption Keys", "deleted":"0", "process_failed_to_decrypt":"0", "process_pending_decryption":"0", "process_success":"1", "total":"1"}}
{"logTime": "1202/070437", "correlationVector":"5hrjRWo9To5LeqxWYdY9De","action":"SyncServerConnectionManagerRequest", "result":"SYNC_SERVER_OK", "context":{"environment":"", "migrationStage":"", "server":""}}
{"logTime": "1202/070437", "correlationVector":"5hrjRWo9To5LeqxWYdY9De.0","action":"EncryptionKeysFetcher.DownloadKeys:", "result":"Success", "context":Key count: 2, Last key timestamp: 2025-08-31T07:24:38Z}
{"logTime": "1202/070437", "correlationVector":"5hrjRWo9To5LeqxWYdY9De.1","action":"EncryptionKeysManager::SetEncryptionKeys:", "result":"Success", "context":Key names[2]:[Q+Aea4aB1hNTEsT6lNlZdmsAItM9nqFVBr8P62mMdxjLXtkHyxRlIbL2jyk3uJ4V6vgtGdn79bewQTMt71sM+g==][6aFfpVy27T3296+RdWdEVKoxUQ9eEPQIUl/RfVN9Hzg2981/mUB8FL1gUJfiHwS/H23UqnwXzw9stmANi0POFQ==]}
{"logTime": "1202/070437", "correlationVector":"5hrjRWo9To5LeqxWYdY9De.2","action":"EncryptionKeysManager::SetEncryptionKeysWithTimestamps:", "result":"Success", "context":Key timestamps[2]:[2025-02-27T05:39:22Z][2025-08-31T07:24:38Z]}
{"logTime": "1202/070437", "correlationVector":"fOjLuXaNRrX8A4DX6Xu2MM","action":"Initial GetUpdates", "result":"", "context":Reason: NEW_CLIENT. cV=fOjLuXaNRrX8A4DX6Xu2MM}
{"logTime": "1202/070437", "correlationVector":"fOjLuXaNRrX8A4DX6Xu2MM.3","action":"GetUpdates Response", "result":"Success", "context":Received 1 update(s). cV=fOjLuXaNRrX8A4DX6Xu2MM.0;server=akswtt108000000;cloudType=Consumer;environment=Prod_japanwest_prod-s01-066-apac-japanwest;migrationStage=NotStarted}
{"logTime": "1202/070437", "correlationVector":"7Aa8woGCwHlJ9lRAsC2On0","action":"Initial GetUpdates", "result":"", "context":Reason: NEWLY_SUPPORTED_DATATYPE. cV=7Aa8woGCwHlJ9lRAsC2On0}
{"logTime": "1202/070437", "correlationVector":"7Aa8woGCwHlJ9lRAsC2On0.1","action":"SyncServerConnectionManagerRequest", "result":"SYNC_SERVER_OK", "context":{"environment":"Prod_westus2_prod-s01-035-nam-westus2", "migrationStage":"NotStarted", "server":"akswtt108000004"}}
{"logTime": "1202/070437", "correlationVector":"7Aa8woGCwHlJ9lRAsC2On0.2","action":"ProcessGetUpdates", "result":"Done", "context":{"dataType":"Passwords", "deleted":"0", "process_failed_to_decrypt":"0", "process_pending_decryption":"0", "process_success":"15", "total":"15"}}
{"logTime": "1202/070437", "correlationVector":"7Aa8woGCwHlJ9lRAsC2On0.3","action":"GetUpdates Response", "result":"Success", "context":Received 15 update(s). cV=7Aa8woGCwHlJ9lRAsC2On0.0;server=akswtt108000004;cloudType=Consumer;environment=Prod_westus2_prod-s01-035-nam-westus2;migrationStage=NotStarted}
{"logTime": "1202/070437", "correlationVector":"sYTxRUzyTu+wbntgFZIK45","action":"Normal GetUpdate request", "result":"", "context":cV=sYTxRUzyTu+wbntgFZIK45
Nudged types: Sessions, Device Info, History
Refresh requested types: Bookmarks, Preferences, Passwords, Autofill Profiles, Autofill, Extensions, Sessions, Extension settings, History Delete Directives, Device Info, User Consents, Send Tab To Self, Web Apps, History, Saved Tab Group, WebAuthn Credentials, Collection, Edge E Drop, Edge Hub App Usage, Edge Wallet, Encryption Keys}
{"logTime": "1202/070438", "correlationVector":"sYTxRUzyTu+wbntgFZIK45.1","action":"SyncServerConnectionManagerRequest", "result":"SYNC_SERVER_OK", "context":{"environment":"Prod_japanwest_prod-s01-066-apac-japanwest", "migrationStage":"NotStarted", "server":"akswtt10800000h"}}
{"logTime": "1202/070438", "correlationVector":"sYTxRUzyTu+wbntgFZIK45.2","action":"ProcessGetUpdates", "result":"Done", "context":{"dataType":"Preferences", "deleted":"0", "process_failed_to_decrypt":"0", "process_pending_decryption":"0", "process_success":"1", "total":"1"}}
{"logTime": "1202/070438", "correlationVector":"sYTxRUzyTu+wbntgFZIK45.3","action":"ProcessGetUpdates", "result":"Done", "context":{"dataType":"Sessions", "deleted":"1", "process_failed_to_decrypt":"0", "process_pending_decryption":"0", "process_success":"3", "total":"3"}}
{"logTime": "1202/070438", "correlationVector":"sYTxRUzyTu+wbntgFZIK45.4","action":"ProcessGetUpdates", "result":"Done", "context":{"dataType":"History", "deleted":"0", "process_failed_to_decrypt":"0", "process_pending_decryption":"0", "process_success":"1", "total":"1"}}
{"logTime": "1202/070438", "correlationVector":"sYTxRUzyTu+wbntgFZIK45.5","action":"GetUpdates Response", "result":"Success", "context":Received 5 update(s). cV=sYTxRUzyTu+wbntgFZIK45.0;server=akswtt10800000h;cloudType=Consumer;environment=Prod_japanwest_prod-s01-066-apac-japanwest;migrationStage=NotStarted}
{"logTime": "1202/070438", "correlationVector":"cNs3YlUhVxXZeGEKaopaKY","action":"Commit Request", "result":"", "context":Item count: 5
Contributing types: Sessions, Device Info, History}
{"logTime": "1202/070439", "correlationVector":"cNs3YlUhVxXZeGEKaopaKY.1","action":"SyncServerConnectionManagerRequest", "result":"SYNC_SERVER_OK", "context":{"environment":"Prod_southindia_prod-s01-004-apac-southindia", "migrationStage":"NotStarted", "server":"akswtt023000027"}}
{"logTime": "1202/070439", "correlationVector":"cNs3YlUhVxXZeGEKaopaKY.2","action":"Commit Response", "result":"Success", "context":Result: Success. cV=cNs3YlUhVxXZeGEKaopaKY.0;server=akswtt023000027;cloudType=Consumer;environment=Prod_southindia_prod-s01-004-apac-southindia;migrationStage=NotStarted}
{"logTime": "1202/070439", "correlationVector":"tpJyLNkuJL//TIIqqwL581","action":"Commit Request", "result":"", "context":Item count: 14
Contributing types: Preferences, Passwords}
{"logTime": "1202/070440", "correlationVector":"tpJyLNkuJL//TIIqqwL581.1","action":"SyncServerConnectionManagerRequest", "result":"SYNC_SERVER_OK", "context":{"environment":"Prod_westus2_prod-s01-035-nam-westus2", "migrationStage":"NotStarted", "server":"akswtt10800000f"}}
{"logTime": "1202/070440", "correlationVector":"tpJyLNkuJL//TIIqqwL581.2","action":"Commit Response", "result":"Success", "context":Result: Success. cV=tpJyLNkuJL//TIIqqwL581.0;server=akswtt10800000f;cloudType=Consumer;environment=Prod_westus2_prod-s01-035-nam-westus2;migrationStage=NotStarted}
{"logTime": "1202/070705", "correlationVector":"9tnmJhJ0DnsXi7YvpP4ZXt.1","action":"SyncServerConnectionManagerRequest", "result":"SYNC_SERVER_OK", "context":{"environment":"Prod_japaneast_prod-s01-061-apac-japaneast", "migrationStage":"NotStarted", "server":"akswtt10800000n"}}
{"logTime": "1202/070705", "correlationVector":"9tnmJhJ0DnsXi7YvpP4ZXt.2","action":"ProcessGetUpdates", "result":"Done", "context":{"dataType":"Encryption Keys", "deleted":"0", "process_failed_to_decrypt":"0", "process_pending_decryption":"0", "process_success":"1", "total":"1"}}
{"logTime": "1202/070705", "correlationVector":"UGVhehZJ8WjTol9ra8Lt+9","action":"SyncServerConnectionManagerRequest", "result":"SYNC_SERVER_OK", "context":{"environment":"", "migrationStage":"", "server":""}}
{"logTime": "1202/070705", "correlationVector":"UGVhehZJ8WjTol9ra8Lt+9.0","action":"EncryptionKeysFetcher.DownloadKeys:", "result":"Success", "context":Key count: 2, Last key timestamp: 2025-08-31T07:24:38Z}
{"logTime": "1202/070705", "correlationVector":"UGVhehZJ8WjTol9ra8Lt+9.1","action":"EncryptionKeysManager::SetEncryptionKeys:", "result":"Success", "context":Key names[2]:[Q+Aea4aB1hNTEsT6lNlZdmsAItM9nqFVBr8P62mMdxjLXtkHyxRlIbL2jyk3uJ4V6vgtGdn79bewQTMt71sM+g==][6aFfpVy27T3296+RdWdEVKoxUQ9eEPQIUl/RfVN9Hzg2981/mUB8FL1gUJfiHwS/H23UqnwXzw9stmANi0POFQ==]}
{"logTime": "1202/070705", "correlationVector":"UGVhehZJ8WjTol9ra8Lt+9.2","action":"EncryptionKeysManager::SetEncryptionKeysWithTimestamps:", "result":"Success", "context":Key timestamps[2]:[2025-02-27T05:39:22Z][2025-08-31T07:24:38Z]}
{"logTime": "1202/070705", "correlationVector":"9tnmJhJ0DnsXi7YvpP4ZXt","action":"Initial GetUpdates", "result":"", "context":Reason: NEW_CLIENT. cV=9tnmJhJ0DnsXi7YvpP4ZXt}
{"logTime": "1202/070705", "correlationVector":"9tnmJhJ0DnsXi7YvpP4ZXt.3","action":"GetUpdates Response", "result":"Success", "context":Received 1 update(s). cV=9tnmJhJ0DnsXi7YvpP4ZXt.0;server=akswtt10800000n;cloudType=Consumer;environment=Prod_japaneast_prod-s01-061-apac-japaneast;migrationStage=NotStarted}
{"logTime": "1202/070705", "correlationVector":"1jaYlbHIId/nh1H4Jt22Rp","action":"Initial GetUpdates", "result":"", "context":Reason: NEWLY_SUPPORTED_DATATYPE. cV=1jaYlbHIId/nh1H4Jt22Rp}
{"logTime": "1202/070706", "correlationVector":"1jaYlbHIId/nh1H4Jt22Rp.1","action":"SyncServerConnectionManagerRequest", "result":"SYNC_SERVER_OK", "context":{"environment":"Prod_japaneast_prod-s01-061-apac-japaneast", "migrationStage":"NotStarted", "server":"akswtt10800000y"}}
{"logTime": "1202/070706", "correlationVector":"1jaYlbHIId/nh1H4Jt22Rp.2","action":"ProcessGetUpdates", "result":"Done", "context":{"dataType":"Passwords", "deleted":"0", "process_failed_to_decrypt":"0", "process_pending_decryption":"0", "process_success":"15", "total":"15"}}
{"logTime": "1202/070706", "correlationVector":"1jaYlbHIId/nh1H4Jt22Rp.3","action":"GetUpdates Response", "result":"Success", "context":Received 15 update(s). cV=1jaYlbHIId/nh1H4Jt22Rp.0;server=akswtt10800000y;cloudType=Consumer;environment=Prod_japaneast_prod-s01-061-apac-japaneast;migrationStage=NotStarted}
{"logTime": "1202/070706", "correlationVector":"A+gGb1FGebqrl49Til0i59","action":"Normal GetUpdate request", "result":"", "context":cV=A+gGb1FGebqrl49Til0i59
Nudged types: Sessions, Device Info, History
Refresh requested types: Bookmarks, Preferences, Passwords, Autofill Profiles, Autofill, Extensions, Sessions, Extension settings, History Delete Directives, Device Info, User Consents, Send Tab To Self, Web Apps, History, Saved Tab Group, WebAuthn Credentials, Collection, Edge E Drop, Edge Hub App Usage, Edge Wallet, Encryption Keys}
{"logTime": "1202/070706", "correlationVector":"A+gGb1FGebqrl49Til0i59.1","action":"SyncServerConnectionManagerRequest", "result":"SYNC_SERVER_OK", "context":{"environment":"Prod_japaneast_prod-s01-061-apac-japaneast", "migrationStage":"NotStarted", "server":"akswtt10800000f"}}
{"logTime": "1202/070706", "correlationVector":"A+gGb1FGebqrl49Til0i59.2","action":"ProcessGetUpdates", "result":"Done", "context":{"dataType":"Preferences", "deleted":"0", "process_failed_to_decrypt":"0", "process_pending_decryption":"0", "process_success":"1", "total":"1"}}
{"logTime": "1202/070706", "correlationVector":"A+gGb1FGebqrl49Til0i59.3","action":"ProcessGetUpdates", "result":"Done", "context":{"dataType":"Sessions", "deleted":"0", "process_failed_to_decrypt":"0", "process_pending_decryption":"0", "process_success":"6", "total":"6"}}
{"logTime": "1202/070706", "correlationVector":"A+gGb1FGebqrl49Til0i59.4","action":"ProcessGetUpdates", "result":"Done", "context":{"dataType":"Device Info", "deleted":"0", "process_failed_to_decrypt":"0", "process_pending_decryption":"0", "process_success":"1", "total":"1"}}
{"logTime": "1202/070706", "correlationVector":"A+gGb1FGebqrl49Til0i59.5","action":"ProcessGetUpdates", "result":"Done", "context":{"dataType":"History", "deleted":"0", "process_failed_to_decrypt":"0", "process_pending_decryption":"0", "process_success":"1", "total":"1"}}
{"logTime": "1202/070706", "correlationVector":"A+gGb1FGebqrl49Til0i59.6","action":"GetUpdates Response", "result":"Success", "context":Received 9 update(s). cV=A+gGb1FGebqrl49Til0i59.0;server=akswtt10800000f;cloudType=Consumer;environment=Prod_japaneast_prod-s01-061-apac-japaneast;migrationStage=NotStarted}
{"logTime": "1202/070706", "correlationVector":"dFPcWixGd0gHyGjPYjDTc2","action":"Commit Request", "result":"", "context":Item count: 5
Contributing types: Sessions, Device Info, History}
{"logTime": "1202/070706", "correlationVector":"dFPcWixGd0gHyGjPYjDTc2.1","action":"SyncServerConnectionManagerRequest", "result":"SYNC_SERVER_OK", "context":{"environment":"Prod_japaneast_prod-s01-061-apac-japaneast", "migrationStage":"NotStarted", "server":"akswtt108000016"}}
{"logTime": "1202/070706", "correlationVector":"dFPcWixGd0gHyGjPYjDTc2.2","action":"Commit Response", "result":"Success", "context":Result: Success. cV=dFPcWixGd0gHyGjPYjDTc2.0;server=akswtt108000016;cloudType=Consumer;environment=Prod_japaneast_prod-s01-061-apac-japaneast;migrationStage=NotStarted}
{"logTime": "1202/070707", "correlationVector":"MHml/MdX6KMb1JqUV9TL3a","action":"Commit Request", "result":"", "context":Item count: 17
Contributing types: Preferences, Passwords, Sessions, History}
{"logTime": "1202/070708", "correlationVector":"MHml/MdX6KMb1JqUV9TL3a.1","action":"SyncServerConnectionManagerRequest", "result":"SYNC_SERVER_OK", "context":{"environment":"Prod_japaneast_prod-s01-061-apac-japaneast", "migrationStage":"NotStarted", "server":"akswtt10800000h"}}
{"logTime": "1202/070708", "correlationVector":"MHml/MdX6KMb1JqUV9TL3a.2","action":"Commit Response", "result":"Success", "context":Result: Success. cV=MHml/MdX6KMb1JqUV9TL3a.0;server=akswtt10800000h;cloudType=Consumer;environment=Prod_japaneast_prod-s01-061-apac-japaneast;migrationStage=NotStarted}
{"logTime": "1202/070708", "correlationVector":"MHml/MdX6KMb1JqUV9TL3a.3","action":"Commit.Sessions", "result":"Success", "context":{"id":"c60f0bb1-eac1-4152-84b8-7060eda8e8ff", "isDeleted":"true", "size":"0", "version":"1764659226650"}}
{"logTime": "1202/070800", "correlationVector":"tJ7VPS5Q9ugJ+j07zX3/52","action":"Commit Request", "result":"", "context":Item count: 2
Contributing types: Sessions, History}
{"logTime": "1202/070801", "correlationVector":"tJ7VPS5Q9ugJ+j07zX3/52.1","action":"SyncServerConnectionManagerRequest", "result":"SYNC_SERVER_OK", "context":{"environment":"Prod_japaneast_prod-s01-061-apac-japaneast", "migrationStage":"NotStarted", "server":"akswtt108000001"}}
{"logTime": "1202/070801", "correlationVector":"tJ7VPS5Q9ugJ+j07zX3/52.2","action":"Commit Response", "result":"Success", "context":Result: Success. cV=tJ7VPS5Q9ugJ+j07zX3/52.0;server=akswtt108000001;cloudType=Consumer;environment=Prod_japaneast_prod-s01-061-apac-japaneast;migrationStage=NotStarted}
{"logTime": "1202/071033", "correlationVector":"nMfdY02kLbw7UPUc1x6Bj1","action":"Normal GetUpdate request", "result":"", "context":cV=nMfdY02kLbw7UPUc1x6Bj1
Notified types: History}
{"logTime": "1202/071033", "correlationVector":"nMfdY02kLbw7UPUc1x6Bj1.1","action":"SyncServerConnectionManagerRequest", "result":"SYNC_SERVER_OK", "context":{"environment":"Prod_westus2_prod-s01-035-nam-westus2", "migrationStage":"NotStarted", "server":"akswtt10800000n"}}
{"logTime": "1202/071033", "correlationVector":"nMfdY02kLbw7UPUc1x6Bj1.2","action":"ProcessGetUpdates", "result":"Done", "context":{"dataType":"Preferences", "deleted":"0", "process_failed_to_decrypt":"0", "process_pending_decryption":"0", "process_success":"1", "total":"1"}}
{"logTime": "1202/071033", "correlationVector":"nMfdY02kLbw7UPUc1x6Bj1.3","action":"ProcessGetUpdates", "result":"Done", "context":{"dataType":"Passwords", "deleted":"0", "process_failed_to_decrypt":"0", "process_pending_decryption":"0", "process_success":"13", "total":"13"}}
{"logTime": "1202/071033", "correlationVector":"nMfdY02kLbw7UPUc1x6Bj1.4","action":"ProcessGetUpdates", "result":"Done", "context":{"dataType":"Sessions", "deleted":"1", "process_failed_to_decrypt":"0", "process_pending_decryption":"0", "process_success":"7", "total":"7"}}
{"logTime": "1202/071033", "correlationVector":"nMfdY02kLbw7UPUc1x6Bj1.5","action":"ProcessGetUpdates", "result":"Done", "context":{"dataType":"Device Info", "deleted":"0", "process_failed_to_decrypt":"0", "process_pending_decryption":"0", "process_success":"1", "total":"1"}}
{"logTime": "1202/071033", "correlationVector":"nMfdY02kLbw7UPUc1x6Bj1.6","action":"ProcessGetUpdates", "result":"Done", "context":{"dataType":"History", "deleted":"0", "process_failed_to_decrypt":"0", "process_pending_decryption":"0", "process_success":"3", "total":"3"}}
{"logTime": "1202/071033", "correlationVector":"nMfdY02kLbw7UPUc1x6Bj1.7","action":"GetUpdates Response", "result":"Success", "context":Received 25 update(s). cV=nMfdY02kLbw7UPUc1x6Bj1.0;server=akswtt10800000n;cloudType=Consumer;environment=Prod_westus2_prod-s01-035-nam-westus2;migrationStage=NotStarted}
{"logTime": "1202/071033", "correlationVector":"d1TRpSmxhuQPbEXiJiyidN","action":"DoCompareDataConsistency requsted types: ", "result":"Bookmarks, Preferences, Passwords, Extensions, Extension settings, History Delete Directives, Send Tab To Self, Web Apps, History, Saved Tab Group, WebAuthn Credentials, Collection, Edge E Drop, Edge Wallet, Encryption Keys"}
{"logTime": "1202/071033", "correlationVector":"d1TRpSmxhuQPbEXiJiyidN.0","action":"CompareDataConsistency result: ", "result":"Compare result: Encryption Keys is consistent. local entities count is: 1 local entities hash is: BhgyRcmYPniA6uLly3GK1rO0EY8="}
{"logTime": "1202/071033", "correlationVector":"d1TRpSmxhuQPbEXiJiyidN.1","action":"CompareDataConsistency result: ", "result":"Compare result: Bookmarks is consistent. local entities count is: 6 local entities hash is: JlpKl96Ne/oOaA63lGhdyJG3ODk="}
{"logTime": "1202/071033", "correlationVector":"d1TRpSmxhuQPbEXiJiyidN.2","action":"CompareDataConsistency result: ", "result":"Compare result: Preferences is consistent. local entities count is: 67 local entities hash is: X7m++CMgF3Mpitd8CrrRJ9Asix0="}
{"logTime": "1202/071033", "correlationVector":"d1TRpSmxhuQPbEXiJiyidN.3","action":"CompareDataConsistency result: ", "result":"Compare result: Extensions is consistent. local entities count is: 0 local entities hash is: "}
{"logTime": "1202/071033", "correlationVector":"d1TRpSmxhuQPbEXiJiyidN.4","action":"CompareDataConsistency result: ", "result":"Compare result: Extension settings is consistent. local entities count is: 0 local entities hash is: "}
{"logTime": "1202/071033", "correlationVector":"d1TRpSmxhuQPbEXiJiyidN.5","action":"CompareDataConsistency result: ", "result":"Compare result: History Delete Directives is consistent. local entities count is: 0 local entities hash is: "}
{"logTime": "1202/071033", "correlationVector":"d1TRpSmxhuQPbEXiJiyidN.6","action":"CompareDataConsistency result: ", "result":"Server did not send this Send Tab To Self local entities count is: 0 local entities hash is: "}
{"logTime": "1202/071033", "correlationVector":"d1TRpSmxhuQPbEXiJiyidN.7","action":"CompareDataConsistency result: ", "result":"Compare result: Web Apps is consistent. local entities count is: 0 local entities hash is: "}
{"logTime": "1202/071033", "correlationVector":"d1TRpSmxhuQPbEXiJiyidN.8","action":"CompareDataConsistency result: ", "result":"Server did not send this History local entities count is: 0 local entities hash is: "}
{"logTime": "1202/071033", "correlationVector":"d1TRpSmxhuQPbEXiJiyidN.9","action":"CompareDataConsistency result: ", "result":"Compare result: Saved Tab Group is consistent. local entities count is: 0 local entities hash is: "}
{"logTime": "1202/071033", "correlationVector":"d1TRpSmxhuQPbEXiJiyidN.10","action":"CompareDataConsistency result: ", "result":"Server did not send this WebAuthn Credentials local entities count is: 0 local entities hash is: "}
{"logTime": "1202/071033", "correlationVector":"d1TRpSmxhuQPbEXiJiyidN.11","action":"CompareDataConsistency result: ", "result":"Compare result: Collection is consistent. local entities count is: 0 local entities hash is: "}
{"logTime": "1202/071033", "correlationVector":"d1TRpSmxhuQPbEXiJiyidN.12","action":"CompareDataConsistency result: ", "result":"Compare result: Edge E Drop is consistent. local entities count is: 0 local entities hash is: "}
{"logTime": "1202/071033", "correlationVector":"d1TRpSmxhuQPbEXiJiyidN.13","action":"CompareDataConsistency result: ", "result":"Compare result: Edge Wallet is consistent. local entities count is: 0 local entities hash is: "}
{"logTime": "1202/071033", "correlationVector":"d1TRpSmxhuQPbEXiJiyidN.14","action":"CompareDataConsistency result: ", "result":"Compare result: Passwords is consistent. local entities count is: 15 local entities hash is: GHvzmiUJ36Cp0LtfWKzyP6rZhSw="}
{"logTime": "1202/071035", "correlationVector":"","action":"DIAGNOSTIC_REQUEST|v1/diagnosticData/Diagnostic.SendCheckResult()|SUCCESS", "result":""}
{"logTime": "1203/071140", "correlationVector":"4C3iIlBEUygRioSU5yZbyF.1","action":"SyncServerConnectionManagerRequest", "result":"SYNC_SERVER_OK", "context":{"environment":"Prod_japaneast_prod-s01-061-apac-japaneast", "migrationStage":"NotStarted", "server":"akswtt108000006"}}
{"logTime": "1203/071140", "correlationVector":"4C3iIlBEUygRioSU5yZbyF.2","action":"ProcessGetUpdates", "result":"Done", "context":{"dataType":"Encryption Keys", "deleted":"0", "process_failed_to_decrypt":"0", "process_pending_decryption":"0", "process_success":"1", "total":"1"}}
{"logTime": "1203/071140", "correlationVector":"YmeN+VsF7nJ+Ydf9mear/b","action":"SyncServerConnectionManagerRequest", "result":"SYNC_SERVER_OK", "context":{"environment":"", "migrationStage":"", "server":""}}
{"logTime": "1203/071140", "correlationVector":"YmeN+VsF7nJ+Ydf9mear/b.0","action":"EncryptionKeysFetcher.DownloadKeys:", "result":"Success", "context":Key count: 2, Last key timestamp: 2025-08-31T07:24:38Z}
{"logTime": "1203/071140", "correlationVector":"YmeN+VsF7nJ+Ydf9mear/b.1","action":"EncryptionKeysManager::SetEncryptionKeys:", "result":"Success", "context":Key names[2]:[Q+Aea4aB1hNTEsT6lNlZdmsAItM9nqFVBr8P62mMdxjLXtkHyxRlIbL2jyk3uJ4V6vgtGdn79bewQTMt71sM+g==][6aFfpVy27T3296+RdWdEVKoxUQ9eEPQIUl/RfVN9Hzg2981/mUB8FL1gUJfiHwS/H23UqnwXzw9stmANi0POFQ==]}
{"logTime": "1203/071140", "correlationVector":"YmeN+VsF7nJ+Ydf9mear/b.2","action":"EncryptionKeysManager::SetEncryptionKeysWithTimestamps:", "result":"Success", "context":Key timestamps[2]:[2025-02-27T05:39:22Z][2025-08-31T07:24:38Z]}
{"logTime": "1203/071140", "correlationVector":"4C3iIlBEUygRioSU5yZbyF","action":"Initial GetUpdates", "result":"", "context":Reason: NEW_CLIENT. cV=4C3iIlBEUygRioSU5yZbyF}
{"logTime": "1203/071140", "correlationVector":"4C3iIlBEUygRioSU5yZbyF.3","action":"GetUpdates Response", "result":"Success", "context":Received 1 update(s). cV=4C3iIlBEUygRioSU5yZbyF.0;server=akswtt108000006;cloudType=Consumer;environment=Prod_japaneast_prod-s01-061-apac-japaneast;migrationStage=NotStarted}
{"logTime": "1203/071140", "correlationVector":"6bcrIMBaQXTGx4mLCuZzN/","action":"Initial GetUpdates", "result":"", "context":Reason: NEWLY_SUPPORTED_DATATYPE. cV=6bcrIMBaQXTGx4mLCuZzN/}
{"logTime": "1203/071141", "correlationVector":"6bcrIMBaQXTGx4mLCuZzN/.1","action":"SyncServerConnectionManagerRequest", "result":"SYNC_SERVER_OK", "context":{"environment":"Prod_japaneast_prod-s01-061-apac-japaneast", "migrationStage":"NotStarted", "server":"akswtt10800000h"}}
{"logTime": "1203/071141", "correlationVector":"6bcrIMBaQXTGx4mLCuZzN/.2","action":"ProcessGetUpdates", "result":"Done", "context":{"dataType":"Passwords", "deleted":"0", "process_failed_to_decrypt":"0", "process_pending_decryption":"0", "process_success":"15", "total":"15"}}
{"logTime": "1203/071141", "correlationVector":"6bcrIMBaQXTGx4mLCuZzN/.3","action":"GetUpdates Response", "result":"Success", "context":Received 15 update(s). cV=6bcrIMBaQXTGx4mLCuZzN/.0;server=akswtt10800000h;cloudType=Consumer;environment=Prod_japaneast_prod-s01-061-apac-japaneast;migrationStage=NotStarted}
{"logTime": "1203/071141", "correlationVector":"RAddbVAgrqvu99cIuOXaxR","action":"Normal GetUpdate request", "result":"", "context":cV=RAddbVAgrqvu99cIuOXaxR
Nudged types: Sessions, Device Info, History
Refresh requested types: Bookmarks, Preferences, Passwords, Autofill Profiles, Autofill, Extensions, Sessions, Extension settings, History Delete Directives, Device Info, User Consents, Send Tab To Self, Web Apps, History, Saved Tab Group, WebAuthn Credentials, Collection, Edge E Drop, Edge Hub App Usage, Edge Wallet, Encryption Keys}
{"logTime": "1203/071141", "correlationVector":"RAddbVAgrqvu99cIuOXaxR.1","action":"SyncServerConnectionManagerRequest", "result":"SYNC_SERVER_OK", "context":{"environment":"Prod_japaneast_prod-s01-061-apac-japaneast", "migrationStage":"NotStarted", "server":"akswtt10800000q"}}
{"logTime": "1203/071141", "correlationVector":"RAddbVAgrqvu99cIuOXaxR.2","action":"ProcessGetUpdates", "result":"Done", "context":{"dataType":"Bookmarks", "deleted":"0", "process_failed_to_decrypt":"0", "process_pending_decryption":"0", "process_success":"1", "total":"1"}}
{"logTime": "1203/071141", "correlationVector":"RAddbVAgrqvu99cIuOXaxR.3","action":"ProcessGetUpdates", "result":"Done", "context":{"dataType":"Preferences", "deleted":"0", "process_failed_to_decrypt":"0", "process_pending_decryption":"0", "process_success":"1", "total":"1"}}
{"logTime": "1203/071141", "correlationVector":"RAddbVAgrqvu99cIuOXaxR.4","action":"ProcessGetUpdates", "result":"Done", "context":{"dataType":"Sessions", "deleted":"10", "process_failed_to_decrypt":"0", "process_pending_decryption":"0", "process_success":"13", "total":"13"}}
{"logTime": "1203/071141", "correlationVector":"RAddbVAgrqvu99cIuOXaxR.5","action":"ProcessGetUpdates", "result":"Done", "context":{"dataType":"Device Info", "deleted":"0", "process_failed_to_decrypt":"0", "process_pending_decryption":"0", "process_success":"1", "total":"1"}}
{"logTime": "1203/071141", "correlationVector":"RAddbVAgrqvu99cIuOXaxR.6","action":"ProcessGetUpdates", "result":"Done", "context":{"dataType":"History", "deleted":"0", "process_failed_to_decrypt":"0", "process_pending_decryption":"0", "process_success":"31", "total":"31"}}
{"logTime": "1203/071141", "correlationVector":"RAddbVAgrqvu99cIuOXaxR.7","action":"GetUpdates Response", "result":"Success", "context":Received 47 update(s). cV=RAddbVAgrqvu99cIuOXaxR.0;server=akswtt10800000q;cloudType=Consumer;environment=Prod_japaneast_prod-s01-061-apac-japaneast;migrationStage=NotStarted}
{"logTime": "1203/071141", "correlationVector":"+sC+jch/0VVE9MPdqwxhJS","action":"Commit Request", "result":"", "context":Item count: 4
Contributing types: Sessions, Device Info, History}
{"logTime": "1203/071142", "correlationVector":"+sC+jch/0VVE9MPdqwxhJS.1","action":"SyncServerConnectionManagerRequest", "result":"SYNC_SERVER_OK", "context":{"environment":"Prod_japanwest_prod-s01-066-apac-japanwest", "migrationStage":"NotStarted", "server":"akswtt108000005"}}
{"logTime": "1203/071142", "correlationVector":"+sC+jch/0VVE9MPdqwxhJS.2","action":"Commit Response", "result":"Success", "context":Result: Success. cV=+sC+jch/0VVE9MPdqwxhJS.0;server=akswtt108000005;cloudType=Consumer;environment=Prod_japanwest_prod-s01-066-apac-japanwest;migrationStage=NotStarted}
{"logTime": "1203/071142", "correlationVector":"1AcplvNWf0W03fuLG6Bc4E","action":"Poll GetUpdate request", "result":"", "context":cV=1AcplvNWf0W03fuLG6Bc4E}
{"logTime": "1203/071142", "correlationVector":"1AcplvNWf0W03fuLG6Bc4E.1","action":"SyncServerConnectionManagerRequest", "result":"SYNC_SERVER_OK", "context":{"environment":"Prod_japaneast_prod-s01-061-apac-japaneast", "migrationStage":"NotStarted", "server":"akswtt10800000f"}}
{"logTime": "1203/071142", "correlationVector":"1AcplvNWf0W03fuLG6Bc4E.2","action":"ProcessGetUpdates", "result":"Done", "context":{"dataType":"Sessions", "deleted":"0", "process_failed_to_decrypt":"0", "process_pending_decryption":"0", "process_success":"2", "total":"2"}}
{"logTime": "1203/071142", "correlationVector":"1AcplvNWf0W03fuLG6Bc4E.3","action":"ProcessGetUpdates", "result":"Done", "context":{"dataType":"Device Info", "deleted":"0", "process_failed_to_decrypt":"0", "process_pending_decryption":"0", "process_success":"1", "total":"1"}}
{"logTime": "1203/071142", "correlationVector":"1AcplvNWf0W03fuLG6Bc4E.4","action":"ProcessGetUpdates", "result":"Done", "context":{"dataType":"History", "deleted":"0", "process_failed_to_decrypt":"0", "process_pending_decryption":"0", "process_success":"1", "total":"1"}}
{"logTime": "1203/071142", "correlationVector":"1AcplvNWf0W03fuLG6Bc4E.5","action":"GetUpdates Response", "result":"Success", "context":Received 4 update(s). cV=1AcplvNWf0W03fuLG6Bc4E.0;server=akswtt10800000f;cloudType=Consumer;environment=Prod_japaneast_prod-s01-061-apac-japaneast;migrationStage=NotStarted}
{"logTime": "1203/071142", "correlationVector":"9vFboufrtQSdxB8b8JL9+J","action":"DoCompareDataConsistency: ", "result":"has local changes and skip compare"}
{"logTime": "1203/071142", "correlationVector":"fitk1ndufCHc7rRhYKYcX/","action":"Commit Request", "result":"", "context":Item count: 16
Contributing types: Preferences, Passwords, Sessions, History}
{"logTime": "1203/071145", "correlationVector":"fitk1ndufCHc7rRhYKYcX/.1","action":"SyncServerConnectionManagerRequest", "result":"SYNC_SERVER_OK", "context":{"environment":"Prod_southeastasia_prod-s01-065-apac-southeastasia", "migrationStage":"NotStarted", "server":"akswtt108000008"}}
{"logTime": "1203/071145", "correlationVector":"fitk1ndufCHc7rRhYKYcX/.2","action":"Commit Response", "result":"Success", "context":Result: Success. cV=fitk1ndufCHc7rRhYKYcX/.0;server=akswtt108000008;cloudType=Consumer;environment=Prod_southeastasia_prod-s01-065-apac-southeastasia;migrationStage=NotStarted}
